[    0.000000] Initializing cgroup subsys cpuset
[    0.000000] Initializing cgroup subsys cpu
[    0.000000] Initializing cgroup subsys cpuacct
[    0.000000] Linux version 4.4.0-210-generic (buildd@lgw01-amd64-009) (gcc version 5.4.0 20160609 (Ubuntu 5.4.0-6ubuntu1~16.04.12) ) #242-Ubuntu SMP Fri Apr 16 09:57:56 UTC 2021 (Ubuntu 4.4.0-210.242-generic 4.4.262)
[    0.000000] Command line: BOOT_IMAGE=/boot/vmlinuz-4.4.0-210-generic root=LABEL=cloudimg-rootfs ro console=tty1 console=ttyS0
[    0.000000] KERNEL supported cpus:
[    0.000000]   Intel GenuineIntel
[    0.000000]   AMD AuthenticAMD
[    0.000000]   Centaur CentaurHauls
[    0.000000] [Firmware Bug]: TSC doesn't count with P0 frequency!
[    0.000000] x86/fpu: xstate_offset[2]:  576, xstate_sizes[2]:  256
[    0.000000] x86/fpu: Supporting XSAVE feature 0x01: 'x87 floating point registers'
[    0.000000] x86/fpu: Supporting XSAVE feature 0x02: 'SSE registers'
[    0.000000] x86/fpu: Supporting XSAVE feature 0x04: 'AVX registers'
[    0.000000] x86/fpu: Enabled xstate features 0x7, context size is 832 bytes, using 'standard' format.
[    0.000000] e820: BIOS-provided physical RAM map:
[    0.000000] BIOS-e820: [mem 0x0000000000000000-0x000000000009fbff] usable
[    0.000000] BIOS-e820: [mem 0x000000000009fc00-0x000000000009ffff] reserved
[    0.000000] BIOS-e820: [mem 0x00000000000f0000-0x00000000000fffff] reserved
[    0.000000] BIOS-e820: [mem 0x0000000000100000-0x00000000dffeffff] usable
[    0.000000] BIOS-e820: [mem 0x00000000dfff0000-0x00000000dfffffff] ACPI data
[    0.000000] BIOS-e820: [mem 0x00000000fec00000-0x00000000fec00fff] reserved
[    0.000000] BIOS-e820: [mem 0x00000000fee00000-0x00000000fee00fff] reserved
[    0.000000] BIOS-e820: [mem 0x00000000fffc0000-0x00000000ffffffff] reserved
[    0.000000] BIOS-e820: [mem 0x0000000100000000-0x000000011fffffff] usable
[    0.000000] NX (Execute Disable) protection: active
[    0.000000] SMBIOS 2.5 present.
[    0.000000] Hypervisor detected: KVM
[    0.000000] Kernel/User page tables isolation: disabled
[    0.000000] e820: last_pfn = 0x120000 max_arch_pfn = 0x400000000
[    0.000000] MTRR: Disabled
[    0.000000] x86/PAT: MTRRs disabled, skipping PAT initialization too.
[    0.000000] CPU MTRRs all blank - virtualized system.
[    0.000000] x86/PAT: Configuration [0-7]: WB  WT  UC- UC  WB  WT  UC- UC  
[    0.000000] e820: last_pfn = 0xdfff0 max_arch_pfn = 0x400000000
[    0.000000] found SMP MP-table at [mem 0x0009fff0-0x0009ffff] mapped at [ffff88000009fff0]
[    0.000000] Scanning 1 areas for low memory corruption
[    0.000000] RAMDISK: [mem 0x362dc000-0x37165fff]
[    0.000000] ACPI: Early table checksum verification disabled
[    0.000000] ACPI: RSDP 0x00000000000E0000 000024 (v02 VBOX  )
[    0.000000] ACPI: XSDT 0x00000000DFFF0030 00003C (v01 VBOX   VBOXXSDT 00000001 ASL  00000061)
[    0.000000] ACPI: FACP 0x00000000DFFF00F0 0000F4 (v04 VBOX   VBOXFACP 00000001 ASL  00000061)
[    0.000000] ACPI: DSDT 0x00000000DFFF0480 002325 (v02 VBOX   VBOXBIOS 00000002 INTL 20200925)
[    0.000000] ACPI: FACS 0x00000000DFFF0200 000040
[    0.000000] ACPI: FACS 0x00000000DFFF0200 000040
[    0.000000] ACPI: APIC 0x00000000DFFF0240 00006C (v02 VBOX   VBOXAPIC 00000001 ASL  00000061)
[    0.000000] ACPI: SSDT 0x00000000DFFF02B0 0001CC (v01 VBOX   VBOXCPUT 00000002 INTL 20200925)
[    0.000000] No NUMA configuration found
[    0.000000] Faking a node at [mem 0x0000000000000000-0x000000011fffffff]
[    0.000000] NODE_DATA(0) allocated [mem 0x11fff7000-0x11fffbfff]
[    0.000000] kvm-clock: Using msrs 4b564d01 and 4b564d00
[    0.000000] kvm-clock: cpu 0, msr 1:1ffef001, primary cpu clock
[    0.000000] kvm-clock: using sched offset of 3407654603 cycles
[    0.000000] clocksource: kvm-clock: mask: 0xffffffffffffffff max_cycles: 0x1cd42e4dffb, max_idle_ns: 881590591483 ns
[    0.000000] Zone ranges:
[    0.000000]   DMA      [mem 0x0000000000001000-0x0000000000ffffff]
[    0.000000]   DMA32    [mem 0x0000000001000000-0x00000000ffffffff]
[    0.000000]   Normal   [mem 0x0000000100000000-0x000000011fffffff]
[    0.000000]   Device   empty
[    0.000000] Movable zone start for each node
[    0.000000] Early memory node ranges
[    0.000000]   node   0: [mem 0x0000000000001000-0x000000000009efff]
[    0.000000]   node   0: [mem 0x0000000000100000-0x00000000dffeffff]
[    0.000000]   node   0: [mem 0x0000000100000000-0x000000011fffffff]
[    0.000000] Initmem setup node 0 [mem 0x0000000000001000-0x000000011fffffff]
[    0.000000] ACPI: PM-Timer IO Port: 0x4008
[    0.000000] IOAPIC[0]: apic_id 4, version 32, address 0xfec00000, GSI 0-23
[    0.000000] ACPI: INT_SRC_OVR (bus 0 bus_irq 0 global_irq 2 dfl dfl)
[    0.000000] ACPI: INT_SRC_OVR (bus 0 bus_irq 9 global_irq 9 low level)
[    0.000000] Using ACPI (MADT) for SMP configuration information
[    0.000000] smpboot: Allowing 4 CPUs, 0 hotplug CPUs
[    0.000000] PM: Registered nosave memory: [mem 0x00000000-0x00000fff]
[    0.000000] PM: Registered nosave memory: [mem 0x0009f000-0x0009ffff]
[    0.000000] PM: Registered nosave memory: [mem 0x000a0000-0x000effff]
[    0.000000] PM: Registered nosave memory: [mem 0x000f0000-0x000fffff]
[    0.000000] PM: Registered nosave memory: [mem 0xdfff0000-0xdfffffff]
[    0.000000] PM: Registered nosave memory: [mem 0xe0000000-0xfebfffff]
[    0.000000] PM: Registered nosave memory: [mem 0xfec00000-0xfec00fff]
[    0.000000] PM: Registered nosave memory: [mem 0xfec01000-0xfedfffff]
[    0.000000] PM: Registered nosave memory: [mem 0xfee00000-0xfee00fff]
[    0.000000] PM: Registered nosave memory: [mem 0xfee01000-0xfffbffff]
[    0.000000] PM: Registered nosave memory: [mem 0xfffc0000-0xffffffff]
[    0.000000] e820: [mem 0xe0000000-0xfebfffff] available for PCI devices
[    0.000000] Booting paravirtualized kernel on KVM
[    0.000000] clocksource: refined-jiffies: mask: 0xffffffff max_cycles: 0xffffffff, max_idle_ns: 7645519600211568 ns
[    0.000000] setup_percpu: NR_CPUS:512 nr_cpumask_bits:512 nr_cpu_ids:4 nr_node_ids:1
[    0.000000] PERCPU: Embedded 33 pages/cpu @ffff88011fc00000 s95192 r8192 d31784 u524288
[    0.000000] Built 1 zonelists in Node order, mobility grouping on.  Total pages: 1032056
[    0.000000] Policy zone: Normal
[    0.000000] Kernel command line: BOOT_IMAGE=/boot/vmlinuz-4.4.0-210-generic root=LABEL=cloudimg-rootfs ro console=tty1 console=ttyS0
[    0.000000] PID hash table entries: 4096 (order: 3, 32768 bytes)
[    0.000000] Memory: 4028040K/4193848K available (8644K kernel code, 1332K rwdata, 4044K rodata, 1492K init, 1164K bss, 165808K reserved, 0K cma-reserved)
[    0.000000] SLUB: HWalign=64, Order=0-3, MinObjects=0, CPUs=4, Nodes=1
[    0.000000] Hierarchical RCU implementation.
[    0.000000] 	Build-time adjustment of leaf fanout to 64.
[    0.000000] 	RCU restricting CPUs from NR_CPUS=512 to nr_cpu_ids=4.
[    0.000000] RCU: Adjusting geometry for rcu_fanout_leaf=64, nr_cpu_ids=4
[    0.000000] NR_IRQS:33024 nr_irqs:456 16
[    0.000000] Console: colour VGA+ 80x25
[    0.000000] console [tty1] enabled
[    0.000000] console [ttyS0] enabled
[    0.000000] tsc: Detected 2096.060 MHz processor
[    0.240476] Calibrating delay loop (skipped) preset value.. 4192.12 BogoMIPS (lpj=8384240)
[    0.241846] pid_max: default: 32768 minimum: 301
[    0.242592] ACPI: Core revision 20150930
[    0.244381] ACPI: 2 ACPI AML tables successfully acquired and loaded
[    0.245599] Security Framework initialized
[    0.246290] Yama: becoming mindful.
[    0.246928] AppArmor: AppArmor initialized
[    0.249166] Dentry cache hash table entries: 524288 (order: 10, 4194304 bytes)
[    0.253872] Inode-cache hash table entries: 262144 (order: 9, 2097152 bytes)
[    0.255379] Mount-cache hash table entries: 8192 (order: 4, 65536 bytes)
[    0.256947] Mountpoint-cache hash table entries: 8192 (order: 4, 65536 bytes)
[    0.258561] Initializing cgroup subsys io
[    0.259585] Initializing cgroup subsys memory
[    0.260516] Initializing cgroup subsys devices
[    0.261228] Initializing cgroup subsys freezer
[    0.262064] Initializing cgroup subsys net_cls
[    0.262878] Initializing cgroup subsys perf_event
[    0.263725] Initializing cgroup subsys net_prio
[    0.264497] Initializing cgroup subsys hugetlb
[    0.265395] Initializing cgroup subsys pids
[    0.276499] mce: CPU supports 0 MCE banks
[    0.277625] Last level iTLB entries: 4KB 1024, 2MB 1024, 4MB 512
[    0.278745] Last level dTLB entries: 4KB 2048, 2MB 2048, 4MB 1024, 1GB 0
[    0.279835] Spectre V1 : Mitigation: usercopy/swapgs barriers and __user pointer sanitization
[    0.281392] Spectre V2 : Spectre mitigation: LFENCE not serializing, switching to generic retpoline
[    0.283295] Spectre V2 : Mitigation: Full generic retpoline
[    0.284445] Spectre V2 : Spectre v2 / SpectreRSB mitigation: Filling RSB on context switch
[    0.286306] Speculative Store Bypass: Mitigation: Speculative Store Bypass disabled via prctl and seccomp
[    0.290707] Freeing SMP alternatives memory: 36K
[    0.298203] ftrace: allocating 32380 entries in 127 pages
[    0.371400] smpboot: APIC(0) Converting physical 0 to logical package 0
[    0.372933] smpboot: Max logical packages: 1
[    0.374014] x2apic enabled
[    0.375058] Switched APIC routing to physical x2apic.
[    0.377321] ..TIMER: vector=0x30 apic1=0 pin1=2 apic2=-1 pin2=-1
[    0.486875] smpboot: CPU0: AMD Ryzen 5 5500U with Radeon Graphics (family: 0x17, model: 0x68, stepping: 0x1)
[    0.489112] Performance Events: Broken PMU hardware detected, using software events only.
[    0.490713] Failed to access perfctr msr (MSR c0010007 is 0)
[    0.499217] KVM setup paravirtual spinlock
[    0.503363] x86: Booting SMP configuration:
[    0.504754] .... node  #0, CPUs:      #1
[    0.505738] kvm-clock: cpu 1, msr 1:1ffef041, secondary cpu clock
[    0.516828] mce: CPU supports 0 MCE banks
[    0.519901]  #2
[    0.520666] kvm-clock: cpu 2, msr 1:1ffef081, secondary cpu clock
[    0.532819] mce: CPU supports 0 MCE banks
[    0.536395]  #3
[    0.537215] kvm-clock: cpu 3, msr 1:1ffef0c1, secondary cpu clock
[    0.548591] mce: CPU supports 0 MCE banks
[    0.551342] x86: Booted up 1 node, 4 CPUs
[    0.552627] smpboot: Total of 4 processors activated (16768.48 BogoMIPS)
[    0.555160] devtmpfs: initialized
[    0.558637] evm: security.selinux
[    0.559648] evm: security.SMACK64
[    0.560395] evm: security.SMACK64EXEC
[    0.561146] evm: security.SMACK64TRANSMUTE
[    0.561953] evm: security.SMACK64MMAP
[    0.562693] evm: security.ima
[    0.563405] evm: security.capability
[    0.564584] clocksource: jiffies: mask: 0xffffffff max_cycles: 0xffffffff, max_idle_ns: 7645041785100000 ns
[    0.566419] futex hash table entries: 1024 (order: 4, 65536 bytes)
[    0.567942] pinctrl core: initialized pinctrl subsystem
[    0.569036] RTC time: 14:12:55, date: 02/02/22
[    0.570513] NET: Registered protocol family 16
[    0.582847] cpuidle: using governor ladder
[    0.592635] cpuidle: using governor menu
[    0.594024] PCCT header not found.
[    0.595336] ACPI: bus type PCI registered
[    0.596185] acpiphp: ACPI Hot Plug PCI Controller Driver version: 0.5
[    0.597347] PCI: Using configuration type 1 for base access
[    0.598304] PCI: Using configuration type 1 for extended access
[    0.616484] ACPI: Added _OSI(Module Device)
[    0.618229] ACPI: Added _OSI(Processor Device)
[    0.619681] ACPI: Added _OSI(3.0 _SCP Extensions)
[    0.621451] ACPI: Added _OSI(Processor Aggregator Device)
[    0.624016] ACPI: Executed 1 blocks of module-level executable AML code
[    0.629824] ACPI: Interpreter enabled
[    0.631514] ACPI: (supports S0 S5)
[    0.632723] ACPI: Using IOAPIC for interrupt routing
[    0.634630] PCI: Using host bridge windows from ACPI; if necessary, use "pci=nocrs" and report a bug
[    0.643179] ACPI: PCI Root Bridge [PCI0] (domain 0000 [bus 00-ff])
[    0.645372] acpi PNP0A03:00: _OSC: OS supports [ExtendedConfig ASPM ClockPM Segments MSI]
[    0.665178] acpi PNP0A03:00: _OSC: platform does not support [PCIeCapability]
[    0.668066] acpi PNP0A03:00: _OSC: not requesting control; platform does not support [PCIeCapability]
[    0.670768] acpi PNP0A03:00: _OSC: OS requested [PCIeHotplug PME AER PCIeCapability]
[    0.673065] acpi PNP0A03:00: _OSC: platform willing to grant [PCIeHotplug PME AER]
[    0.675661] acpi PNP0A03:00: _OSC failed (AE_SUPPORT); disabling ASPM
[    0.678319] PCI host bridge to bus 0000:00
[    0.679840] pci_bus 0000:00: root bus resource [io  0x0000-0x0cf7 window]
[    0.682113] pci_bus 0000:00: root bus resource [io  0x0d00-0xffff window]
[    0.684251] pci_bus 0000:00: root bus resource [mem 0x000a0000-0x000bffff window]
[    0.686544] pci_bus 0000:00: root bus resource [mem 0xe0000000-0xfdffffff window]
[    0.689120] pci_bus 0000:00: root bus resource [bus 00-ff]
[    0.691882] pci 0000:00:01.1: legacy IDE quirk: reg 0x10: [io  0x01f0-0x01f7]
[    0.693584] pci 0000:00:01.1: legacy IDE quirk: reg 0x14: [io  0x03f6]
[    0.695192] pci 0000:00:01.1: legacy IDE quirk: reg 0x18: [io  0x0170-0x0177]
[    0.696899] pci 0000:00:01.1: legacy IDE quirk: reg 0x1c: [io  0x0376]
[    0.777710] pci 0000:00:07.0: quirk: [io  0x4000-0x403f] claimed by PIIX4 ACPI
[    0.780389] pci 0000:00:07.0: quirk: [io  0x4100-0x410f] claimed by PIIX4 SMB
[    0.857553] ACPI: PCI Interrupt Link [LNKA] (IRQs 5 9 10 *11)
[    0.860360] ACPI: PCI Interrupt Link [LNKB] (IRQs 5 9 *10 11)
[    0.862441] ACPI: PCI Interrupt Link [LNKC] (IRQs 5 *9 10 11)
[    0.864294] ACPI: PCI Interrupt Link [LNKD] (IRQs 5 9 10 *11)
[    0.866325] ACPI: Enabled 2 GPEs in block 00 to 07
[    0.868205] vgaarb: setting as boot device: PCI:0000:00:02.0
[    0.870081] vgaarb: device added: PCI:0000:00:02.0,decodes=io+mem,owns=io+mem,locks=none
[    0.872267] vgaarb: loaded
[    0.873124] vgaarb: bridge control possible 0000:00:02.0
[    0.874924] SCSI subsystem initialized
[    0.876343] ACPI: bus type USB registered
[    0.877554] usbcore: registered new interface driver usbfs
[    0.879006] usbcore: registered new interface driver hub
[    0.880426] usbcore: registered new device driver usb
[    0.882175] PCI: Using ACPI for IRQ routing
[    0.883644] NetLabel: Initializing
[    0.884627] NetLabel:  domain hash size = 128
[    0.885436] NetLabel:  protocols = UNLABELED CIPSOv4
[    0.886379] NetLabel:  unlabeled traffic allowed by default
[    0.887580] amd_nb: Cannot enumerate AMD northbridges
[    0.888873] clocksource: Switched to clocksource kvm-clock
[    0.899282] AppArmor: AppArmor Filesystem Enabled
[    0.900808] pnp: PnP ACPI init
[    0.902266] pnp: PnP ACPI: found 3 devices
[    0.912225] clocksource: acpi_pm: mask: 0xffffff max_cycles: 0xffffff, max_idle_ns: 2085701024 ns
[    0.914188] NET: Registered protocol family 2
[    0.915660] TCP established hash table entries: 32768 (order: 6, 262144 bytes)
[    0.917075] TCP bind hash table entries: 32768 (order: 7, 524288 bytes)
[    0.919166] TCP: Hash tables configured (established 32768 bind 32768)
[    0.920876] UDP hash table entries: 2048 (order: 4, 65536 bytes)
[    0.921946] UDP-Lite hash table entries: 2048 (order: 4, 65536 bytes)
[    0.923073] NET: Registered protocol family 1
[    0.924250] pci 0000:00:00.0: Limiting direct PCI/PCI transfers
[    0.925211] pci 0000:00:01.0: Activating ISA DMA hang workarounds
[    0.926467] Unpacking initramfs...
[    1.215896] Freeing initrd memory: 14888K
[    1.217366] PCI-DMA: Using software bounce buffering for IO (SWIOTLB)
[    1.218399] software IO TLB: mapped [mem 0xdbff0000-0xdfff0000] (64MB)
[    1.219427] clocksource: tsc: mask: 0xffffffffffffffff max_cycles: 0x1e36a685b69, max_idle_ns: 440795255641 ns
[    1.221054] platform rtc_cmos: registered platform RTC device (no PNP device found)
[    1.222571] Scanning for low memory corruption every 60 seconds
[    1.224617] audit: initializing netlink subsys (disabled)
[    1.226552] audit: type=2000 audit(1643811181.430:1): initialized
[    1.228544] Initialise system trusted keyring
[    1.230641] HugeTLB registered 2 MB page size, pre-allocated 0 pages
[    1.233092] zbud: loaded
[    1.234479] VFS: Disk quotas dquot_6.6.0
[    1.235450] VFS: Dquot-cache hash table entries: 512 (order 0, 4096 bytes)
[    1.236737] squashfs: version 4.0 (2009/01/31) Phillip Lougher
[    1.238576] fuse init (API version 7.23)
[    1.239843] Key type big_key registered
[    1.240545] Allocating IMA MOK and blacklist keyrings.
[    1.244373] Key type asymmetric registered
[    1.246224] Asymmetric key parser 'x509' registered
[    1.247577] Block layer SCSI generic (bsg) driver version 0.4 loaded (major 249)
[    1.249282] io scheduler noop registered
[    1.250219] io scheduler deadline registered (default)
[    1.251075] io scheduler cfq registered
[    1.251846] pci_hotplug: PCI Hot Plug PCI Core version: 0.5
[    1.252713] pciehp: PCI Express Hot Plug Controller Driver version: 0.4
[    1.253913] ACPI: AC Adapter [AC] (off-line)
[    1.254963] input: Power Button as /devices/LNXSYSTM:00/LNXPWRBN:00/input/input0
[    1.256209] ACPI: Power Button [PWRF]
[    1.257129] input: Sleep Button as /devices/LNXSYSTM:00/LNXSLPBN:00/input/input1
[    1.258761] ACPI: Sleep Button [SLPF]
[    1.259962] GHES: HEST is not enabled!
[    1.260598] ACPI: Battery Slot [BAT0] (battery present)
[    1.261861] Serial: 8250/16550 driver, 32 ports, IRQ sharing enabled
[    1.283638] 00:02: ttyS0 at I/O 0x3f8 (irq = 4, base_baud = 115200) is a 16550A
[    1.287445] Linux agpgart interface v0.103
[    1.291075] loop: module loaded
[    1.292583] scsi host0: ata_piix
[    1.293667] scsi host1: ata_piix
[    1.294820] ata1: PATA max UDMA/33 cmd 0x1f0 ctl 0x3f6 bmdma 0xd000 irq 14
[    1.295868] ata2: PATA max UDMA/33 cmd 0x170 ctl 0x376 bmdma 0xd008 irq 15
[    1.297086] libphy: Fixed MDIO Bus: probed
[    1.298192] tun: Universal TUN/TAP device driver, 1.6
[    1.299056] tun: (C) 1999-2004 Max Krasnyansky <maxk@qualcomm.com>
[    1.300154] PPP generic driver version 2.4.2
[    1.301305] ehci_hcd: USB 2.0 'Enhanced' Host Controller (EHCI) Driver
[    1.302382] ehci-pci: EHCI PCI platform driver
[    1.303179] ehci-platform: EHCI generic platform driver
[    1.304067] ohci_hcd: USB 1.1 'Open' Host Controller (OHCI) Driver
[    1.305117] ohci-pci: OHCI PCI platform driver
[    1.305926] ohci-platform: OHCI generic platform driver
[    1.306793] uhci_hcd: USB Universal Host Controller Interface driver
[    1.307874] i8042: PNP: PS/2 Controller [PNP0303:PS2K,PNP0f03:PS2M] at 0x60,0x64 irq 1,12
[    1.309823] serio: i8042 KBD port at 0x60,0x64 irq 1
[    1.310981] serio: i8042 AUX port at 0x60,0x64 irq 12
[    1.312153] mousedev: PS/2 mouse device common for all mice
[    1.313786] input: AT Translated Set 2 keyboard as /devices/platform/i8042/serio0/input/input2
[    1.316034] rtc_cmos rtc_cmos: rtc core: registered rtc_cmos as rtc0
[    1.318042] rtc_cmos rtc_cmos: alarms up to one day, 114 bytes nvram
[    1.320077] i2c /dev entries driver
[    1.321428] device-mapper: uevent: version 1.0.3
[    1.323096] device-mapper: ioctl: 4.34.0-ioctl (2015-10-28) initialised: dm-devel@redhat.com
[    1.325827] ledtrig-cpu: registered to indicate activity on CPUs
[    1.328656] NET: Registered protocol family 10
[    1.330295] NET: Registered protocol family 17
[    1.331136] Key type dns_resolver registered
[    1.332406] registered taskstats version 1
[    1.333264] Loading compiled-in X.509 certificates
[    1.334794] Loaded X.509 cert 'Build time autogenerated kernel key: cf00e047681d67edb2720680708b7d9498083038'
[    1.336731] zswap: loaded using pool lzo/zbud
[    1.340039] Key type trusted registered
[    1.344961] Key type encrypted registered
[    1.346009] AppArmor: AppArmor sha1 policy hashing enabled
[    1.347042] ima: No TPM chip found, activating TPM-bypass!
[    1.347935] ima: Allocated hash algorithm: sha1
[    1.348767] evm: HMAC attrs: 0x1
[    1.349869]   Magic number: 10:775:231
[    1.351610] rtc_cmos rtc_cmos: setting system clock to 2022-02-02 14:12:56 UTC (1643811176)
[    1.354639] BIOS EDD facility v0.16 2004-Jun-25, 0 devices found
[    1.356699] EDD information not available.
[    1.481784] Freeing unused kernel memory: 1492K
[    1.483625] Write protecting the kernel read-only data: 14336k
[    1.486445] Freeing unused kernel memory: 1584K
[    1.488338] Freeing unused kernel memory: 52K
Loading, please wait...
starting version 229
[    1.509689] random: systemd-udevd: uninitialized urandom read (16 bytes read, 3 bits of entropy available)
[    1.511424] random: udevadm: uninitialized urandom read (16 bytes read, 3 bits of entropy available)
[    1.511456] random: udevadm: uninitialized urandom read (16 bytes read, 3 bits of entropy available)
[    1.515852] random: systemd-udevd: uninitialized urandom read (16 bytes read, 3 bits of entropy available)
[    1.517929] random: systemd-udevd: uninitialized urandom read (16 bytes read, 3 bits of entropy available)
[    1.519668] random: systemd-udevd: uninitialized urandom read (16 bytes read, 3 bits of entropy available)
[    1.521998] random: udevadm: uninitialized urandom read (16 bytes read, 3 bits of entropy available)
[    1.522718] random: systemd-udevd: uninitialized urandom read (16 bytes read, 3 bits of entropy available)
[    1.522745] random: systemd-udevd: uninitialized urandom read (16 bytes read, 3 bits of entropy available)
[    1.522760] random: systemd-udevd: uninitialized urandom read (16 bytes read, 3 bits of entropy available)
[    1.560918] e1000: Intel(R) PRO/1000 Network Driver - version 7.3.21-k8-NAPI
[    1.563027] e1000: Copyright (c) 1999-2006 Intel Corporation.
[    1.564322] Fusion MPT base driver 3.04.20
[    1.565313] Copyright (c) 1999-2008 LSI Corporation
[    1.585545] Fusion MPT SPI Host driver 3.04.20
[    1.589456] AVX2 version of gcm_enc/dec engaged.
[    1.590539] AES CTR mode by8 optimization enabled
[    1.784959] input: ImExPS/2 Generic Explorer Mouse as /devices/platform/i8042/serio1/input/input4
[    1.900514] e1000 0000:00:03.0 eth0: (PCI:33MHz:32-bit) 02:be:82:6b:cc:1d
[    1.902194] e1000 0000:00:03.0 eth0: Intel(R) PRO/1000 Network Connection
[    2.605082] e1000 0000:00:08.0 eth1: (PCI:33MHz:32-bit) 08:00:27:50:0b:03
[    2.607514] e1000 0000:00:08.0 eth1: Intel(R) PRO/1000 Network Connection
[    3.657515] e1000 0000:00:09.0 eth2: (PCI:33MHz:32-bit) 08:00:27:31:50:a8
[    3.659620] e1000 0000:00:09.0 eth2: Intel(R) PRO/1000 Network Connection
[    3.663864] e1000 0000:00:08.0 enp0s8: renamed from eth1
[    3.666229] mptbase: ioc0: Initiating bringup
[    3.681412] e1000 0000:00:03.0 enp0s3: renamed from eth0
[    3.693498] e1000 0000:00:09.0 enp0s9: renamed from eth2
[    3.733499] ioc0: LSI53C1030 A0: Capabilities={Initiator}
[    3.895546] scsi host2: ioc0: LSI53C1030 A0, FwRev=00000000h, Ports=1, MaxQ=256, IRQ=20
[    4.878979] scsi 2:0:0:0: Direct-Access     VBOX     HARDDISK         1.0  PQ: 0 ANSI: 5
[    4.880881] scsi target2:0:0: Beginning Domain Validation
[    4.883552] scsi target2:0:0: Domain Validation skipping write tests
[    4.885014] scsi target2:0:0: Ending Domain Validation
[    4.885963] scsi target2:0:0: asynchronous
[    4.887784] scsi 2:0:1:0: Direct-Access     VBOX     HARDDISK         1.0  PQ: 0 ANSI: 5
[    4.889626] scsi target2:0:1: Beginning Domain Validation
[    4.891995] scsi target2:0:1: Domain Validation skipping write tests
[    4.893402] scsi target2:0:1: Ending Domain Validation
[    4.894645] scsi target2:0:1: asynchronous
[    4.906166] sd 2:0:0:0: Attached scsi generic sg0 type 0
[    4.906444] sd 2:0:0:0: [sda] 83886080 512-byte logical blocks: (42.9 GB/40.0 GiB)
[    4.906830] sd 2:0:0:0: [sda] Write Protect is off
[    4.907097] sd 2:0:0:0: [sda] Incomplete mode parameter data
[    4.907099] sd 2:0:0:0: [sda] Assuming drive cache: write through
[    4.911017]  sda: sda1
[    4.912114] sd 2:0:0:0: [sda] Attached SCSI disk
[    4.918505] sd 2:0:1:0: Attached scsi generic sg1 type 0
[    4.918599] sd 2:0:1:0: [sdb] 20480 512-byte logical blocks: (10.5 MB/10.0 MiB)
[    4.918944] sd 2:0:1:0: [sdb] Write Protect is off
[    4.919117] sd 2:0:1:0: [sdb] Incomplete mode parameter data
[    4.919119] sd 2:0:1:0: [sdb] Assuming drive cache: write through
[    4.921737] sd 2:0:1:0: [sdb] Attached SCSI disk
Begin: Loading essential drivers ... [    6.469366] md: linear personality registered for level -1
[    6.476573] md: multipath personality registered for level -4
[    6.482921] md: raid0 personality registered for level 0
[    6.490294] md: raid1 personality registered for level 1
[    6.565023] raid6: sse2x1   gen()  3168 MB/s
[    6.633008] raid6: sse2x1   xor()  4651 MB/s
[    6.701920] raid6: sse2x2   gen()  9745 MB/s
[    6.768962] raid6: sse2x2   xor()  6530 MB/s
[    6.836956] raid6: sse2x4   gen() 10355 MB/s
[    6.904968] raid6: sse2x4   xor()  5868 MB/s
[    6.973022] raid6: avx2x1   gen() 11316 MB/s
[    7.040948] raid6: avx2x2   gen() 19807 MB/s
[    7.108997] raid6: avx2x4   gen() 19137 MB/s
[    7.109918] raid6: using algorithm avx2x2 gen() 19807 MB/s
[    7.110989] raid6: using avx2x2 recovery algorithm
[    7.113504] xor: automatically using best checksumming function:
[    7.152892]    avx       :  9032.000 MB/sec
[    7.155229] async_tx: api initialized (async)
[    7.167511] md: raid6 personality registered for level 6
[    7.168536] md: raid5 personality registered for level 5
[    7.169441] md: raid4 personality registered for level 4
[    7.177561] md: raid10 personality registered for level 10
done.
Begin: Running /scripts/init-premount ... done.
Begin: Mounting root file system ... Begin: Running /scripts/local-top ... done.
Begin: Running /scripts/local-premount ... [    7.215655] Btrfs loaded
Scanning for Btrfs filesystems
done.
Warning: fsck not present, so skipping root file system
[    7.259790] EXT4-fs (sda1): mounted filesystem with ordered data mode. Opts: (null)
done.
Begin: Running /scripts/local-bottom ... done.
Begin: Running /scripts/init-bottom ... done.
[    7.392097] systemd[1]: systemd 229 running in system mode. (+PAM +AUDIT +SELINUX +IMA +APPARMOR +SMACK +SYSVINIT +UTMP +LIBCRYPTSETUP +GCRYPT +GNUTLS +ACL +XZ -LZ4 +SECCOMP +BLKID +ELFUTILS +KMOD -IDN)
[    7.397805] systemd[1]: Detected virtualization oracle.
[    7.399353] systemd[1]: Detected architecture x86-64.

Welcome to [1mUbuntu 16.04.7 LTS[0m!

[    7.403448] systemd[1]: Set hostname to <ubuntu>.
[    7.406955] systemd[1]: Initializing machine ID from random generator.
[    7.408199] systemd[1]: Installed transient /etc/machine-id file.
[    7.722689] systemd[1]: Listening on LVM2 poll daemon socket.
[[0;32m  OK  [0m] Listening on LVM2 poll daemon socket.
[    7.724953] systemd[1]: Listening on Journal Socket.
[[0;32m  OK  [0m] Listening on Journal Socket.
[    7.726813] systemd[1]: Created slice System Slice.
[[0;32m  OK  [0m] Created slice System Slice.
[    8.034846] systemd[1]: Starting Nameserver information manager...
         Starting Nameserver information manager...
[    8.038675] systemd[1]: Listening on fsck to fsckd communication Socket.
[[0;32m  OK  [0m] Listening on fsck to fsckd communication Socket.
[    8.042500] systemd[1]: Reached target Encrypted Volumes.
[[0;32m  OK  [0m] Reached target Encrypted Volumes.
[    8.045728] systemd[1]: Started Forward Password Requests to Wall Directory Watch.
[[0;32m  OK  [0m] Started Forward Password Requests to Wall Directory Watch.
[    8.051235] systemd[1]: Mounting Debug File System...
         Mounting Debug File System...
[    8.055587] systemd[1]: Created slice User and Session Slice.
[[0;32m  OK  [0m] Created slice User and Session Slice.
[    8.059781] systemd[1]: Set up automount Arbitrary Executable File Formats File System Automount Point.
[[0;32m  OK  [0m] Set up automount Arbitrary Executab...ats File System Automount Point.
[    8.065111] systemd[1]: Listening on udev Control Socket.
[[0;32m  OK  [0m] Listening on udev Control Socket.
[    8.070829] systemd[1]: Starting Load Kernel Modules...
         Starting Load Kernel Modules...
[    8.074430] systemd[1]: Reached target Slices.
[[0;32m  OK  [0m] Reached target Slices.
[    8.078399] systemd[1]: Started Trigger resolvconf update for networkd DNS.
[[0;32m  OK  [0m] Started Trigger resolvconf update for networkd DNS.
[    8.083810] systemd[1]: Starting File System Check on Root Device...
         [    8.087062] Loading iSCSI transport class v2.0-870.
Starting File System Check on Root Device...
[    8.089384] systemd[1]: Listening on LVM2 metadata daemon socket.
[[0;32m  OK  [0m] Listening on LVM2 metadata daemon socket.
[    8.095888] systemd[1]: Mounting POSIX Message Queue File System...
         Mounting POSIX Message Queue File System...
[    8.101491] systemd[1]: Listening on udev Kernel Socket.
[[0;32m  OK  [0m] Listening on udev Kernel Socket.
[    8.106523] systemd[1]: Starting Set console keymap...
[    8.108973] iscsi: registered transport (tcp)
         Starting Set console keymap...
[    8.112007] systemd[1]: Starting Uncomplicated firewall...
         Starting Uncomplicated firewall...
[    8.115098] systemd[1]: Listening on Device-mapper event daemon FIFOs.
[[0;32m  OK  [0m] Listening on Device-mapper event daemon FIFOs.
[    8.119811] systemd[1]: Starting Monitoring of LVM2 mirrors, snapshots etc. using dmeventd or progress polling...
         Starting Monitoring of LVM2 mirrors... dmeventd or progress polling...
[    8.124815] systemd[1]: Listening on /dev/initctl Compatibility Named Pipe.
[[0;32m  OK  [0m] Listening on /dev/initctl Compatibility Named Pipe.
[    8.129795] systemd[1]: Starting Create list of required static device nodes for the current kernel...
         Starting Create list of required st... nodes for the current kernel...
[    8.137074] systemd[1]: Listening on Syslog Socket.
[[0;32m  OK  [0m] Listening on Syslog Socket.
[    8.139026] systemd[1]: Created slice system-serial\x2dgetty.slice.
[[0;32m  OK  [0m] Created slice system-serial\x2dgetty.slice.
[    8.141207] systemd[1]: Reached target Swap.
[[0;32m  OK  [0m] Reached target Swap.
[    8.143118] systemd[1]: Listening on Journal Audit Socket.
[[0;32m  OK  [0m] Listening on Journal Audit Socket.
[    8.145532] systemd[1]: Reached target User and Group Name Lookups.
[[0;32m  OK  [0m] Reached target User and Group Name Lookups.
[    8.147753] systemd[1]: Listening on Journal Socket (/dev/log).
[[0;32m  OK  [0m] Listening on Journal Socket (/dev/log).
[    8.150687] systemd[1]: Starting Journal Service...
         Starting Journal Service...
[    8.152141] random: nonblocking pool is initialized
[    8.153182] systemd[1]: Reached target System Time Synchronized.
[[0;32m  OK  [0[    8.154769] iscsi: registered transport (iser)
m] Reached target System Time Synchronized.
[    8.157856] systemd[1]: Mounting Huge Pages File System...
         Mounting Huge Pages File System...
[    8.163289] systemd[1]: Mounted Huge Pages File System.
[[0;32m  OK  [0m] Mounted Huge Pages File System.
[    8.166032] systemd[1]: Mounted POSIX Message Queue File System.
[[0;32m  OK  [0m] Mounted POSIX Message Queue File System.
[    8.167832] systemd[1]: Mounted Debug File System.
[[0;32m  OK  [0m] Mounted Debug File System.
[    8.171376] systemd[1]: Started Load Kernel Modules.
[[0;32m  OK  [0m] Started Load Kernel Modules.
[    8.175857] systemd[1]: Started File System Check on Root Device.
[[0;32m  OK  [0m] Started File System Check on Root Device.
[    8.180377] systemd[1]: Started Uncomplicated firewall.
[[0;32m  OK  [0m] Started Uncomplicated firewall.
[    8.184217] systemd[1]: Started Create list of required static device nodes for the current kernel.
[[0;32m  OK  [0m] Started Create list of required sta...ce nodes for the current kernel.
[    8.188555] systemd[1]: Started Nameserver information manager.
[[0;32m  OK  [0m] Started Nameserver information manager.
[    8.192555] systemd[1]: Started Journal Service.
[[0;32m  OK  [0m] Started Journal Service.
[[0;32m  OK  [0m] Started File System Check Daemon to report status.
[[0;32m  OK  [0m] Started LVM2 metadata daemon.
         Starting Create Static Device Nodes in /dev...
         Starting Remount Root and Kernel File Systems...
         Mounting FUSE Control File System...
         Starting Apply Kernel Variables...
[[0;32m  OK  [0m] Mounted FUSE Control File System.
[[0;32m  OK  [0m] Started Set console keymap.
[    8.207816] EXT4-fs (sda1): re-mounted. Opts: (null)
[[0;32m  OK  [0m] Started Remount Root and Kernel File Systems.
         Starting udev Coldplug all Devices...
         Starting Flush Journal to Persistent Storage...
         Starting Load/Save Random Seed...
[[0;32m  OK  [0m] Started Apply Kernel Variables.
[[0;32m  OK  [0m] Started Create Static Device Nodes in /dev.
[[0;32m  OK  [0m] Started Load/Save Random Seed.
         Starting udev Kernel Device Manager...
[[0;32m  OK  [0m] Started Flush Journal to Persistent Storage.
[[0;32m  OK  [0m] Started udev Kernel Device Manager.
[[0;32m  OK  [0m] Started udev Coldplug all Devices.
[[0;32m  OK  [0m] Started Dispatch Password Requests to Console Directory Watch.
[[0;32m  OK  [0m] Found device /dev/ttyS0.
[[0;32m  OK  [0m] Listening on Load/Save RF Kill Switch Status /dev/rfkill Watch.
[[0;32m  OK  [0m] Started Monitoring of LVM2 mirrors,...ng dmeventd or progress polling.
[[0;32m  OK  [0m] Reached target Local File Systems (Pre).
[[0;32m  OK  [0m] Reached target Local File Systems.
         Starting Commit a transient machine-id on disk...
         Starting LSB: AppArmor initialization...
         Starting Create Volatile Files and Directories...
         Starting Initial cloud-init job (pre-networking)...
         Starting Set console font and keymap...
         Starting Tell Plymouth To Write Out Runtime Data...
[[0;32m  OK  [0m] Started Commit a transient machine-id on disk.
[[0;32m  OK  [0m] Started Create Volatile Files and Directories.
         Starting Update UTMP about System Boot/Shutdown...
[[0;32m  OK  [0m] Started Tell Plymouth To Write Out Runtime Data.
[[0;32m  OK  [0m] Started Update UTMP about System Boot/Shutdown.
[[0;32m  OK  [0m] Started Set console font and keymap.
[[0;32m  OK  [0m] Created slice system-getty.slice.
[[0;32m  OK  [0m] Started LSB: AppArmor initialization.
         Starting Load AppArmor profiles managed internally by snapd...
[[0;32m  OK  [0m] Started Load AppArmor profiles managed internally by snapd.
[    9.487390] cloud-init[681]: Cloud-init v. 21.1-19-gbad84ad4-0ubuntu1~16.04.2 running 'init-local' at Wed, 02 Feb 2022 14:13:04 +0000. Up 9.21 seconds.
[[0;32m  OK  [0m] Started Initial cloud-init job (pre-networking).
[[0;32m  OK  [0m] Reached target Network (Pre).
         Starting Raise network interfaces...
[[0;32m  OK  [0m] Started Raise network interfaces.
         Starting Initial cloud-init job (metadata service crawler)...
[[0;32m  OK  [0m] Reached target Network.
[   10.718423] cloud-init[1008]: Cloud-init v. 21.1-19-gbad84ad4-0ubuntu1~16.04.2 running 'init' at Wed, 02 Feb 2022 14:13:05 +0000. Up 10.17 seconds.
[   10.720065] cloud-init[1008]: ci-info: ++++++++++++++++++++++++++++++++++++++Net device info+++++++++++++++++++++++++++++++++++++++
[   10.728547] cloud-init[1008]: ci-info: +--------+-------+----------------------------+---------------+--------+-------------------+
[   10.730094] cloud-init[1008]: ci-info: | Device |   Up  |          Address           |      Mask     | Scope  |     Hw-Address    |
[   10.731556] cloud-init[1008]: ci-info: +--------+-------+----------------------------+---------------+--------+-------------------+
[   10.733434] cloud-init[1008]: ci-info: | enp0s3 |  True |         10.0.2.15          | 255.255.255.0 | global | 02:be:82:6b:cc:1d |
[   10.735058] cloud-init[1008]: ci-info: | enp0s3 |  True | fe80::be:82ff:fe6b:cc1d/64 |       .       |  link  | 02:be:82:6b:cc:1d |
[   10.736535] cloud-init[1008]: ci-info: | enp0s8 | False |             .              |       .       |   .    | 08:00:27:50:0b:03 |
[   10.738182] cloud-init[1008]: ci-info: | enp0s9 | False |             .              |       .       |   .    | 08:00:27:31:50:a8 |
[   10.739867] cloud-init[1008]: ci-info: |   lo   |  True |         127.0.0.1          |   255.0.0.0   |  host  |         .         |
[   10.741546] cloud-init[1008]: ci-info: |   lo   |  True |          ::1/128           |       .       |  host  |         .         |
[   10.743274] cloud-init[1008]: ci-info: +--------+-------+----------------------------+---------------+--------+-------------------+
[   10.745078] cloud-init[1008]: ci-info: +++++++++++++++++++++++++++Route IPv4 info++++++++++++++++++++++++++++
[   10.746509] cloud-init[1008]: ci-info: +-------+-------------+----------+---------------+-----------+-------+
[   10.747551] cloud-init[1008]: ci-info: | Route | Destination | Gateway  |    Genmask    | Interface | Flags |
[   10.748648] cloud-init[1008]: ci-info: +-------+-------------+----------+---------------+-----------+-------+
[   10.749765] cloud-init[1008]: ci-info: |   0   |   0.0.0.0   | 10.0.2.2 |    0.0.0.0    |   enp0s3  |   UG  |
[   10.750797] cloud-init[1008]: ci-info: |   1   |   10.0.2.0  | 0.0.0.0  | 255.255.255.0 |   enp0s3  |   U   |
[   10.751885] cloud-init[1008]: ci-info: +-------+-------------+----------+---------------+-----------+-------+
[   10.752864] cloud-init[1008]: ci-info: +++++++++++++++++++Route IPv6 info+++++++++++++++++++
[   10.753853] cloud-init[1008]: ci-info: +-------+-------------+---------+-----------+-------+
[   10.754790] cloud-init[1008]: ci-info: | Route | Destination | Gateway | Interface | Flags |
[   10.755730] cloud-init[1008]: ci-info: +-------+-------------+---------+-----------+-------+
[   10.756685] cloud-init[1008]: ci-info: |   0   |  fe80::/64  |    ::   |   enp0s3  |   U   |
[   10.757718] cloud-init[1008]: ci-info: |   3   |   ff00::/8  |    ::   |   enp0s3  |   U   |
[   10.758683] cloud-init[1008]: ci-info: +-------+-------------+---------+-----------+-------+
[   10.759618] cloud-init[1008]: Generating public/private rsa key pair.
[   10.760483] cloud-init[1008]: Your identification has been saved in /etc/ssh/ssh_host_rsa_key.
[   10.761476] cloud-init[1008]: Your public key has been saved in /etc/ssh/ssh_host_rsa_key.pub.
[   10.762353] cloud-init[1008]: The key fingerprint is:
[   10.763021] cloud-init[1008]: SHA256:/CUW+icdqo4zynZvmBBGds1s0qAcaHGFC3GLJ4VAfTA root@ubuntu-xenial
[   10.763963] cloud-init[1008]: The key's randomart image is:
[   10.764714] cloud-init[1008]: +---[RSA 2048]----+
[   10.765439] cloud-init[1008]: |oo+E*oo*         |
[   10.766159] cloud-init[1008]: |  =B==o *        |
[   10.766846] cloud-init[1008]: | .o+*o o  .      |
[   10.767481] cloud-init[1008]: |   o+  . . .     |
[   10.768169] cloud-init[1008]: |   . .  S o o    |
[   10.768815] cloud-init[1008]: |    .    + = .   |
[   10.769608] cloud-init[1008]: |     . o  = o    |
[   10.776533] cloud-init[1008]: |   .. *... o     |
[   10.784434] cloud-init[1008]: |   .oo.*+        |
[   10.785261] cloud-init[1008]: +----[SHA256]-----+
[   10.786211] cloud-init[1008]: Generating public/private dsa key pair.
[   10.787049] cloud-init[1008]: Your identification has been saved in /etc/ssh/ssh_host_dsa_key.
[   10.788019] cloud-init[1008]: Your public key has been saved in /etc/ssh/ssh_host_dsa_key.pub.
[   10.788995] cloud-init[1008]: The key fingerprint is:
[   10.789778] cloud-init[1008]: SHA256:v5qV0rASYbg8Zn1u3/bZBk0gZs7E1PpY+US41fIeE04 root@ubuntu-xenial
[   10.790769] cloud-init[1008]: The key's randomart image is:
[   10.791449] cloud-init[1008]: +---[DSA 1024]----+
[   10.792117] cloud-init[1008]: |           o.. ..|
[   10.792769] cloud-init[1008]: |     .      * =E+|
[   10.793538] cloud-init[1008]: |    . o    * ooO.|
[   10.794224] cloud-init[1008]: |   . + .    + +++|
[   10.794866] cloud-init[1008]: |    * o S    + *o|
[   10.795513] cloud-init[1008]: |   o . + = .. o +|
[   10.796259] cloud-init[1008]: |      . = =    . |
[   10.796989] cloud-init[1008]: |       o = o.  o.|
[   10.797745] cloud-init[1008]: |        o.o...o..|
[   10.798405] cloud-init[1008]: +----[SHA256]-----+
[   10.799062] cloud-init[1008]: Generating public/private ecdsa key pair.
[   10.799906] cloud-init[1008]: Your identification has been saved in /etc/ssh/ssh_host_ecdsa_key.
[   10.800954] cloud-init[1008]: Your public key has been saved in /etc/ssh/ssh_host_ecdsa_key.pub.
[   10.802033] cloud-init[1008]: The key fingerprint is:
[   10.802748] cloud-init[1008]: SHA256:Qyg6DPN5tL/ZaW5FftFMdEQNwSmz+CZU2yhHilk+ZCc root@ubuntu-xenial
[   10.803775] cloud-init[1008]: The key's randomart image is:
[   10.804529] cloud-init[1008]: +---[ECDSA 256]---+
[   10.805175] cloud-init[1008]: |             o+*=|
[   10.805953] cloud-init[1008]: |       .  E * +..|
[   10.806599] cloud-init[1008]: |o   o . .B B @   |
[   10.807330] cloud-init[1008]: | = + o .o O * +  |
[   10.807957] cloud-init[1008]: |  * o   S+ = .   |
[   10.808650] cloud-init[1008]: |   o .   .+ +    |
[   10.809270] cloud-init[1008]: |      .  . +     |
[   10.809932] cloud-init[1008]: |       +o.       |
[   10.810636] cloud-init[1008]: |      o++        |
[   10.811362] cloud-init[1008]: +----[SHA256]-----+
[   10.812022] cloud-init[1008]: Generating public/private ed25519 key pair.
[   10.812939] cloud-init[1008]: Your identification has been saved in /etc/ssh/ssh_host_ed25519_key.
[   10.813899] cloud-init[1008]: Your public key has been saved in /etc/ssh/ssh_host_ed25519_key.pub.
[   10.814946] cloud-init[1008]: The key fingerprint is:
[   10.815619] cloud-init[1008]: SHA256:cbFooOjT0yXFU2GnEEn5FLX0X6YvubXEYBTSXaPa4IE root@ubuntu-xenial
[   10.816599] cloud-init[1008]: The key's randomart image is:
[   10.817328] cloud-init[1008]: +--[ED25519 256]--+
[   10.818067] cloud-init[1008]: |      .o==*==...o|
[   10.818710] cloud-init[1008]: |   . . o=+o*.+o..|
[   10.819349] cloud-init[1008]: |  . . . =E+o.o. o|
[   10.820014] cloud-init[1008]: | . . . + oo *  +.|
[   10.820710] cloud-init[1008]: |  o o . S  o +. .|
[   10.821448] cloud-init[1008]: |   . .      . oo |
[   10.822188] cloud-init[1008]: |              ooo|
[   10.822824] cloud-init[1008]: |              .+.|
[   10.823453] cloud-init[1008]: |              .. |
[   10.824163] cloud-init[1008]: +----[SHA256]-----+
[[0;32m  OK  [0m] Started Initial cloud-init job (metadata service crawler).
[[0;32m  OK  [0m] Reached target System Initialization.
[[0;32m  OK  [0m] Listening on ACPID Listen Socket.
         Starting LXD - unix socket.
[[0;32m  OK  [0m] Started Daily Cleanup of Temporary Directories.
[[0;32m  OK  [0m] Listening on UUID daemon activation socket.
         Starting Socket activation for snappy daemon.
[[0;32m  OK  [0m] Started ACPI Events Check.
[[0;32m  OK  [0m] Reached target Paths.
[[0;32m  OK  [0m] Listening on D-Bus System Message Bus Socket.
[[0;32m  OK  [0m] Started Daily apt download activities.
[[0;32m  OK  [0m] Started Daily apt upgrade and clean activities.
[[0;32m  OK  [0m] Started Message of the Day.
[[0;32m  OK  [0m] Started Ubuntu Advantage update messaging.
[[0;32m  OK  [0m] Reached target Timers.
[[0;32m  OK  [0m] Reached target Network is Online.
         Starting iSCSI initiator daemon (iscsid)...
[[0;32m  OK  [0m] Reached target Cloud-config availability.
[[0;32m  OK  [0m] Listening on LXD - unix socket.
[[0;32m  OK  [0m] Listening on Socket activation for snappy daemon.
[[0;32m  OK  [0m] Reached target Sockets.
[[0;32m  OK  [0m] Reached target Basic System.
         Starting Login Service...
[[0;32m  OK  [0m] Started ACPI event daemon.
         Starting System Logging Service...
[[0;32m  OK  [0m] Started Regular background program processing daemon.
         Starting LSB: Record successful boot for GRUB...
[[0;32m  OK  [0m] Started FUSE filesystem for LXC.
         Starting LSB: MD monitoring daemon...
         Starting Accounts Service...
[[0;32m  OK  [0m] Started Deferred execution scheduler.
         Starting Virtualbox guest utils...
         Starting /etc/rc.local Compatibility...
         Starting Pollinate to seed the pseudo random number generator...
         Starting Snap Daemon...
[[0;32m  OK  [0m] Started D-Bus System Message Bus.
         Starting LXD - container startup/shutdown...
[[0;32m  OK  [0m] Started System Logging Service.
[[0;32m  OK  [0m] Started /etc/rc.local Compatibility.
[[0;32m  OK  [0m] Started iSCSI initiator daemon (iscsid).
[[0;32m  OK  [0m] Started Login Service.
[[0;32m  OK  [0m] Started Unattended Upgrades Shutdown.
         Starting Authenticate and Authorize Users to Run Privileged Tasks...
         Starting Login to default iSCSI targets...
[[0;32m  OK  [0m] Started LSB: MD monitoring daemon.
[[0;32m  OK  [0m] Started LSB: Record successful boot for GRUB.
[[0;32m  OK  [0m] Started Authenticate and Authorize Users to Run Privileged Tasks.
[[0;32m  OK  [0m] Started Accounts Service.
[[0;32m  OK  [0m] Started Login to default iSCSI targets.
[[0;32m  OK  [0m] Reached target Remote File Systems (Pre).
[[0;32m  OK  [0m] Reached target Remote File Systems.
         Starting Permit User Sessions...
         Starting LSB: Set the CPU Frequency Scaling governor to "ondemand"...
         Starting LSB: automatic crash report generation...
         Starting LSB: daemon to balance interrupts for SMP systems...
[[0;32m  OK  [0m] Started Virtualbox guest utils.
[[0;32m  OK  [0m] Started Permit User Sessions.
         Starting Hold until boot process finishes up...
         Starting Terminate Plymouth Boot Screen...
[[0;32m  OK  [0m] Started LXD - container startup/shutdown.
[[0;32m  OK  [0m] Started Hold until boot process finishes up.
[[0;32m  OK  [0m] Started Terminate Plymouth Boot Screen.
[[0;32m  OK  [0m] Started Getty on tty1.
         Starting Set console scheme...
[[0;32m  OK  [0m] Started Serial Getty on ttyS0.
[[0;32m  OK  [0m] Reached target Login Prompts.
[[0;32m  OK  [0m] Started Set console scheme.
[[0;32m  OK  [0m] Started LSB: Set the CPU Frequency Scaling governor to "ondemand".
[[0;32m  OK  [0m] Started LSB: automatic crash report generation.
[[0;32m  OK  [0m] Started LSB: daemon to balance interrupts for SMP systems.
[[0;32m  OK  [0m] Started Snap Daemon.
         Starting Wait until snapd is fully seeded...
[[0;32m  OK  [0m] Started Pollinate to seed the pseudo random number generator.
         Starting OpenBSD Secure Shell server...
[[0;32m  OK  [0m] Started OpenBSD Secure Shell server.
[[0;32m  OK  [0m] Created slice User Slice of vagrant.
         Starting User Manager for UID 1000...
[[0;32m  OK  [0m] Started Session 1 of user vagrant.
[[0;32m  OK  [0m] Started User Manager for UID 1000.
[[0;32m  OK  [0m] Started Wait until snapd is fully seeded.
[[0;32m  OK  [0m] Reached target Multi-User System.
[[0;32m  OK  [0m] Reached target Graphical Interface.
         Starting Update UTMP about System Runlevel Changes...
         Starting Apply the settings specified in cloud-config...
[[0;32m  OK  [0m] Started Update UTMP about System Runlevel Changes.
[   13.246503] cloud-init[1456]: Generating locales (this might take a while)...
         Stopping User Manager for UID 1000...
[[0;32m  OK  [0m] Stopped User Manager for UID 1000.
[[0;32m  OK  [0m] Removed slice User Slice of vagrant.
[[0;32m  OK  [0m] Created slice User Slice of vagrant.
         Starting User Manager for UID 1000...
[[0;32m  OK  [0m] Started Session 2 of user vagrant.
[[0;32m  OK  [0m] Started User Manager for UID 1000.
[   14.064505] cloud-init[1456]:   en_US.UTF-8... done
[   14.065794] cloud-init[1456]: Generation complete.
[   14.391811] cloud-init[1456]: Cloud-init v. 21.1-19-gbad84ad4-0ubuntu1~16.04.2 running 'modules:config' at Wed, 02 Feb 2022 14:13:08 +0000. Up 13.13 seconds.
[[0;32m  OK  [0m] Started Apply the settings specified in cloud-config.
         Starting Execute cloud user/final scripts...
ci-info: no authorized SSH keys fingerprints found for user ubuntu.
<14>Feb  2 14:13:10 ec2: 
<14>Feb  2 14:13:10 ec2: #############################################################
<14>Feb  2 14:13:10 ec2: -----BEGIN SSH HOST KEY FINGERPRINTS-----
<14>Feb  2 14:13:10 ec2: 1024 SHA256:v5qV0rASYbg8Zn1u3/bZBk0gZs7E1PpY+US41fIeE04 root@ubuntu-xenial (DSA)
<14>Feb  2 14:13:10 ec2: 256 SHA256:Qyg6DPN5tL/ZaW5FftFMdEQNwSmz+CZU2yhHilk+ZCc root@ubuntu-xenial (ECDSA)
<14>Feb  2 14:13:10 ec2: 256 SHA256:cbFooOjT0yXFU2GnEEn5FLX0X6YvubXEYBTSXaPa4IE root@ubuntu-xenial (ED25519)
<14>Feb  2 14:13:10 ec2: 2048 SHA256:/CUW+icdqo4zynZvmBBGds1s0qAcaHGFC3GLJ4VAfTA root@ubuntu-xenial (RSA)
<14>Feb  2 14:13:10 ec2: -----END SSH HOST KEY FINGERPRINTS-----
<14>Feb  2 14:13:10 ec2: #############################################################
-----BEGIN SSH HOST KEY KEYS-----
ecdsa-sha2-nistp256 AAAAE2VjZHNhLXNoYTItbmlzdHAyNTYAAAAIbmlzdHAyNTYAAABBBPr2P8hsh270IBUoNoyCed05XSzxKOeweF8+uSLtc8Hn84eEg/ulEyI1Lop8cH9cCWeZ6lpXTxivvNmB59mC8CM= root@ubuntu-xenial
ssh-ed25519 AAAAC3NzaC1lZDI1NTE5AAAAIIEkPR4a5NbpYMdUzZBv7kUWw53TWlODbD+v6GB/m1MR root@ubuntu-xenial
ssh-rsa AAAAB3NzaC1yc2EAAAADAQABAAABAQDbRG6/6Dg8OP9ykIvT97PvDMD40YhRpzAyTYA4bWksemLvm/EGsa+MjxFB557mabAdrNNfOrFsfXA3pxdG2t3N8SHk12Nq68rXPXejGNE30IXGT0WDxdT1QR0fKbqrb7UWs7SJXn5roV6/C52c8hYw5E73hlkoxLSFwcZDFJ+BcWKd5eF5ptSubzaNuQWq02PumLY09B3/adUOjzLqEs6TBRHRGE+jIw/vPiAJL9bRtKMzMx7iBtwn+tKFe4oMrm3oIcKKNoyUhya1TB02sfsKstl/obthkSz2gf9Vv7xj/Vm30yjeT6BLHnur/72aJq0i8BkbO+xOVUv+6GIUzV7z root@ubuntu-xenial
-----END SSH HOST KEY KEYS-----
[   15.010202] cloud-init[1651]: Cloud-init v. 21.1-19-gbad84ad4-0ubuntu1~16.04.2 running 'modules:final' at Wed, 02 Feb 2022 14:13:10 +0000. Up 14.82 seconds.
[   15.012270] cloud-init[1651]: ci-info: no authorized SSH keys fingerprints found for user ubuntu.
[   15.013331] cloud-init[1651]: Cloud-init v. 21.1-19-gbad84ad4-0ubuntu1~16.04.2 finished at Wed, 02 Feb 2022 14:13:10 +0000. Datasource DataSourceNoCloud [seed=/dev/sdb][dsmode=net].  Up 15.00 seconds
[[0;32m  OK  [0m] Started Execute cloud user/final scripts.
[[0;32m  OK  [0m] Reached target Cloud-init target.

Ubuntu 16.04.7 LTS ubuntu-xenial ttyS0

ubuntu-xenial login: 